<?xml version="1.0" encoding="UTF-8"?>
<!-- Generated by org.testng.reporters.JUnitXMLReporter -->
<testsuite ignored="2" hostname="EPPLWROL0015" failures="0" tests="1" name="Surefire test" time="6.88" errors="0" timestamp="2025-09-29T12:57:51 CEST">
  <testcase classname="com.epam.mentoring.taf.UserSignUpTest" name="apiAlreadyRegisteredVerification" time="2.429"/>
  <testcase classname="com.epam.mentoring.taf.UserSignUpTest" name="uiVerification" time="0.0">
    <ignored/>
  </testcase> <!-- uiVerification -->
  <testcase classname="com.epam.mentoring.taf.UserSignUpTest" name="apiVerification" time="0.0">
    <ignored/>
  </testcase> <!-- apiVerification -->
</testsuite> <!-- Surefire test -->
