<?xml version="1.0" encoding="UTF-8"?>
<testng-results ignored="2" total="3" passed="1" failed="0" skipped="0">
  <reporter-output>
  </reporter-output>
  <suite started-at="2025-09-29T12:57:45 CEST" name="Surefire suite" finished-at="2025-09-29T12:57:51 CEST" duration-ms="6880">
    <groups>
    </groups>
    <test started-at="2025-09-29T12:57:45 CEST" name="Surefire test" finished-at="2025-09-29T12:57:51 CEST" duration-ms="6880">
      <class name="com.epam.mentoring.taf.UserSignUpTest">
        <test-method is-config="true" signature="initialisation()[pri:0, instance:com.epam.mentoring.taf.UserSignUpTest@176d53b2]" started-at="2025-09-29T12:57:45 CEST" name="initialisation" finished-at="2025-09-29T12:57:49 CEST" duration-ms="4269" status="PASS">
          <reporter-output>
          </reporter-output>
        </test-method> <!-- initialisation -->
        <test-method signature="apiAlreadyRegisteredVerification()[pri:0, instance:com.epam.mentoring.taf.UserSignUpTest@176d53b2]" started-at="2025-09-29T12:57:49 CEST" name="apiAlreadyRegisteredVerification" finished-at="2025-09-29T12:57:51 CEST" duration-ms="2429" status="PASS">
          <reporter-output>
          </reporter-output>
        </test-method> <!-- apiAlreadyRegisteredVerification -->
        <test-method is-config="true" signature="terminate()[pri:0, instance:com.epam.mentoring.taf.UserSignUpTest@176d53b2]" started-at="2025-09-29T12:57:51 CEST" name="terminate" finished-at="2025-09-29T12:57:51 CEST" duration-ms="159" status="PASS">
          <reporter-output>
          </reporter-output>
        </test-method> <!-- terminate -->
      </class> <!-- com.epam.mentoring.taf.UserSignUpTest -->
    </test> <!-- Surefire test -->
  </suite> <!-- Surefire suite -->
</testng-results>
